/Users/fabiano/.rvm/gems/ruby-2.2.0@dunno/gems/fog-core-1.24.0/lib/fog/core/collection.rb:148: warning: circular argument reference - filters
/Users/fabiano/.rvm/gems/ruby-2.2.0@dunno/gems/fog-1.21.0/lib/fog/rackspace/mock_data.rb:43: warning: duplicated key at line 81 ignored: "name"
/Users/fabiano/.rvm/gems/ruby-2.2.0@dunno/gems/htmlentities-4.3.2/lib/htmlentities/mappings/expanded.rb:465: warning: duplicated key at line 466 ignored: "inodot"
warning: you are loading parser/ruby22 from /Users/fabiano/.rvm/gems/ruby-2.2.0@dunno/gems/activesupport-4.1.6/lib/active_support/dependencies.rb:247:in `require'.
warning: Ruby 2.2 is not released yet and parser support may be incomplete.
could not connect to server: No such file or directory
	Is the server running locally and accepting
	connections on Unix domain socket "/tmp/.s.PGSQL.5432"?
/Users/fabiano/.rvm/gems/ruby-2.2.0@dunno/gems/activerecord-4.1.6/lib/active_record/connection_adapters/postgresql_adapter.rb:888:in `initialize'
/Users/fabiano/.rvm/gems/ruby-2.2.0@dunno/gems/activerecord-4.1.6/lib/active_record/connection_adapters/postgresql_adapter.rb:888:in `new'
/Users/fabiano/.rvm/gems/ruby-2.2.0@dunno/gems/activerecord-4.1.6/lib/active_record/connection_adapters/postgresql_adapter.rb:888:in `connect'
/Users/fabiano/.rvm/gems/ruby-2.2.0@dunno/gems/activerecord-4.1.6/lib/active_record/connection_adapters/postgresql_adapter.rb:568:in `initialize'
/Users/fabiano/.rvm/gems/ruby-2.2.0@dunno/gems/activerecord-4.1.6/lib/active_record/connection_adapters/postgresql_adapter.rb:41:in `new'
/Users/fabiano/.rvm/gems/ruby-2.2.0@dunno/gems/activerecord-4.1.6/lib/active_record/connection_adapters/postgresql_adapter.rb:41:in `postgresql_connection'
/Users/fabiano/.rvm/gems/ruby-2.2.0@dunno/gems/activerecord-4.1.6/lib/active_record/connection_adapters/abstract/connection_pool.rb:435:in `new_connection'
/Users/fabiano/.rvm/gems/ruby-2.2.0@dunno/gems/activerecord-4.1.6/lib/active_record/connection_adapters/abstract/connection_pool.rb:445:in `checkout_new_connection'
/Users/fabiano/.rvm/gems/ruby-2.2.0@dunno/gems/activerecord-4.1.6/lib/active_record/connection_adapters/abstract/connection_pool.rb:416:in `acquire_connection'
/Users/fabiano/.rvm/gems/ruby-2.2.0@dunno/gems/activerecord-4.1.6/lib/active_record/connection_adapters/abstract/connection_pool.rb:351:in `block in checkout'
/Users/fabiano/.rvm/rubies/ruby-2.2.0/lib/ruby/2.2.0/monitor.rb:211:in `mon_synchronize'
/Users/fabiano/.rvm/gems/ruby-2.2.0@dunno/gems/activerecord-4.1.6/lib/active_record/connection_adapters/abstract/connection_pool.rb:350:in `checkout'
/Users/fabiano/.rvm/gems/ruby-2.2.0@dunno/gems/activerecord-4.1.6/lib/active_record/connection_adapters/abstract/connection_pool.rb:265:in `block in connection'
/Users/fabiano/.rvm/rubies/ruby-2.2.0/lib/ruby/2.2.0/monitor.rb:211:in `mon_synchronize'
/Users/fabiano/.rvm/gems/ruby-2.2.0@dunno/gems/activerecord-4.1.6/lib/active_record/connection_adapters/abstract/connection_pool.rb:264:in `connection'
/Users/fabiano/.rvm/gems/ruby-2.2.0@dunno/gems/activerecord-4.1.6/lib/active_record/connection_adapters/abstract/connection_pool.rb:541:in `retrieve_connection'
/Users/fabiano/.rvm/gems/ruby-2.2.0@dunno/gems/activerecord-4.1.6/lib/active_record/connection_handling.rb:113:in `retrieve_connection'
/Users/fabiano/.rvm/gems/ruby-2.2.0@dunno/gems/activerecord-4.1.6/lib/active_record/connection_handling.rb:87:in `connection'
/Users/fabiano/.rvm/gems/ruby-2.2.0@dunno/gems/activerecord-4.1.6/lib/active_record/tasks/postgresql_database_tasks.rb:8:in `connection'
/Users/fabiano/.rvm/gems/ruby-2.2.0@dunno/gems/activerecord-4.1.6/lib/active_record/tasks/postgresql_database_tasks.rb:17:in `create'
/Users/fabiano/.rvm/gems/ruby-2.2.0@dunno/gems/activerecord-4.1.6/lib/active_record/tasks/database_tasks.rb:88:in `create'
/Users/fabiano/.rvm/gems/ruby-2.2.0@dunno/gems/activerecord-4.1.6/lib/active_record/tasks/database_tasks.rb:102:in `block in create_current'
/Users/fabiano/.rvm/gems/ruby-2.2.0@dunno/gems/activerecord-4.1.6/lib/active_record/tasks/database_tasks.rb:209:in `block in each_current_configuration'
/Users/fabiano/.rvm/gems/ruby-2.2.0@dunno/gems/activerecord-4.1.6/lib/active_record/tasks/database_tasks.rb:208:in `each'
/Users/fabiano/.rvm/gems/ruby-2.2.0@dunno/gems/activerecord-4.1.6/lib/active_record/tasks/database_tasks.rb:208:in `each_current_configuration'
/Users/fabiano/.rvm/gems/ruby-2.2.0@dunno/gems/activerecord-4.1.6/lib/active_record/tasks/database_tasks.rb:101:in `create_current'
/Users/fabiano/.rvm/gems/ruby-2.2.0@dunno/gems/activerecord-4.1.6/lib/active_record/railties/databases.rake:17:in `block (2 levels) in <top (required)>'
/Users/fabiano/.rvm/gems/ruby-2.2.0@dunno/gems/rake-10.3.2/lib/rake/task.rb:240:in `call'
/Users/fabiano/.rvm/gems/ruby-2.2.0@dunno/gems/rake-10.3.2/lib/rake/task.rb:240:in `block in execute'
/Users/fabiano/.rvm/gems/ruby-2.2.0@dunno/gems/rake-10.3.2/lib/rake/task.rb:235:in `each'
/Users/fabiano/.rvm/gems/ruby-2.2.0@dunno/gems/rake-10.3.2/lib/rake/task.rb:235:in `execute'
/Users/fabiano/.rvm/gems/ruby-2.2.0@dunno/gems/rake-10.3.2/lib/rake/task.rb:179:in `block in invoke_with_call_chain'
/Users/fabiano/.rvm/rubies/ruby-2.2.0/lib/ruby/2.2.0/monitor.rb:211:in `mon_synchronize'
/Users/fabiano/.rvm/gems/ruby-2.2.0@dunno/gems/rake-10.3.2/lib/rake/task.rb:172:in `invoke_with_call_chain'
/Users/fabiano/.rvm/gems/ruby-2.2.0@dunno/gems/rake-10.3.2/lib/rake/task.rb:165:in `invoke'
/Users/fabiano/.rvm/gems/ruby-2.2.0@dunno/gems/rake-10.3.2/lib/rake/application.rb:150:in `invoke_task'
/Users/fabiano/.rvm/gems/ruby-2.2.0@dunno/gems/rake-10.3.2/lib/rake/application.rb:106:in `block (2 levels) in top_level'
/Users/fabiano/.rvm/gems/ruby-2.2.0@dunno/gems/rake-10.3.2/lib/rake/application.rb:106:in `each'
/Users/fabiano/.rvm/gems/ruby-2.2.0@dunno/gems/rake-10.3.2/lib/rake/application.rb:106:in `block in top_level'
/Users/fabiano/.rvm/gems/ruby-2.2.0@dunno/gems/rake-10.3.2/lib/rake/application.rb:115:in `run_with_threads'
/Users/fabiano/.rvm/gems/ruby-2.2.0@dunno/gems/rake-10.3.2/lib/rake/application.rb:100:in `top_level'
/Users/fabiano/.rvm/gems/ruby-2.2.0@dunno/gems/rake-10.3.2/lib/rake/application.rb:78:in `block in run'
/Users/fabiano/.rvm/gems/ruby-2.2.0@dunno/gems/rake-10.3.2/lib/rake/application.rb:176:in `standard_exception_handling'
/Users/fabiano/.rvm/gems/ruby-2.2.0@dunno/gems/rake-10.3.2/lib/rake/application.rb:75:in `run'
/Users/fabiano/.rvm/gems/ruby-2.2.0@dunno/gems/rake-10.3.2/bin/rake:33:in `<top (required)>'
/Users/fabiano/.rvm/gems/ruby-2.2.0@dunno/bin/rake:23:in `load'
/Users/fabiano/.rvm/gems/ruby-2.2.0@dunno/bin/rake:23:in `<main>'
/Users/fabiano/.rvm/gems/ruby-2.2.0@dunno/bin/ruby_executable_hooks:15:in `eval'
/Users/fabiano/.rvm/gems/ruby-2.2.0@dunno/bin/ruby_executable_hooks:15:in `<main>'
Couldn't create database for {"adapter"=>"postgresql", "encoding"=>"utf8", "database"=>"dunno_development", "pool"=>5}
could not connect to server: No such file or directory
	Is the server running locally and accepting
	connections on Unix domain socket "/tmp/.s.PGSQL.5432"?
/Users/fabiano/.rvm/gems/ruby-2.2.0@dunno/gems/activerecord-4.1.6/lib/active_record/connection_adapters/postgresql_adapter.rb:888:in `initialize'
/Users/fabiano/.rvm/gems/ruby-2.2.0@dunno/gems/activerecord-4.1.6/lib/active_record/connection_adapters/postgresql_adapter.rb:888:in `new'
/Users/fabiano/.rvm/gems/ruby-2.2.0@dunno/gems/activerecord-4.1.6/lib/active_record/connection_adapters/postgresql_adapter.rb:888:in `connect'
/Users/fabiano/.rvm/gems/ruby-2.2.0@dunno/gems/activerecord-4.1.6/lib/active_record/connection_adapters/postgresql_adapter.rb:568:in `initialize'
/Users/fabiano/.rvm/gems/ruby-2.2.0@dunno/gems/activerecord-4.1.6/lib/active_record/connection_adapters/postgresql_adapter.rb:41:in `new'
/Users/fabiano/.rvm/gems/ruby-2.2.0@dunno/gems/activerecord-4.1.6/lib/active_record/connection_adapters/postgresql_adapter.rb:41:in `postgresql_connection'
/Users/fabiano/.rvm/gems/ruby-2.2.0@dunno/gems/activerecord-4.1.6/lib/active_record/connection_adapters/abstract/connection_pool.rb:435:in `new_connection'
/Users/fabiano/.rvm/gems/ruby-2.2.0@dunno/gems/activerecord-4.1.6/lib/active_record/connection_adapters/abstract/connection_pool.rb:445:in `checkout_new_connection'
/Users/fabiano/.rvm/gems/ruby-2.2.0@dunno/gems/activerecord-4.1.6/lib/active_record/connection_adapters/abstract/connection_pool.rb:416:in `acquire_connection'
/Users/fabiano/.rvm/gems/ruby-2.2.0@dunno/gems/activerecord-4.1.6/lib/active_record/connection_adapters/abstract/connection_pool.rb:351:in `block in checkout'
/Users/fabiano/.rvm/rubies/ruby-2.2.0/lib/ruby/2.2.0/monitor.rb:211:in `mon_synchronize'
/Users/fabiano/.rvm/gems/ruby-2.2.0@dunno/gems/activerecord-4.1.6/lib/active_record/connection_adapters/abstract/connection_pool.rb:350:in `checkout'
/Users/fabiano/.rvm/gems/ruby-2.2.0@dunno/gems/activerecord-4.1.6/lib/active_record/connection_adapters/abstract/connection_pool.rb:265:in `block in connection'
/Users/fabiano/.rvm/rubies/ruby-2.2.0/lib/ruby/2.2.0/monitor.rb:211:in `mon_synchronize'
/Users/fabiano/.rvm/gems/ruby-2.2.0@dunno/gems/activerecord-4.1.6/lib/active_record/connection_adapters/abstract/connection_pool.rb:264:in `connection'
/Users/fabiano/.rvm/gems/ruby-2.2.0@dunno/gems/activerecord-4.1.6/lib/active_record/connection_adapters/abstract/connection_pool.rb:541:in `retrieve_connection'
/Users/fabiano/.rvm/gems/ruby-2.2.0@dunno/gems/activerecord-4.1.6/lib/active_record/connection_handling.rb:113:in `retrieve_connection'
/Users/fabiano/.rvm/gems/ruby-2.2.0@dunno/gems/activerecord-4.1.6/lib/active_record/connection_handling.rb:87:in `connection'
/Users/fabiano/.rvm/gems/ruby-2.2.0@dunno/gems/activerecord-4.1.6/lib/active_record/tasks/postgresql_database_tasks.rb:8:in `connection'
/Users/fabiano/.rvm/gems/ruby-2.2.0@dunno/gems/activerecord-4.1.6/lib/active_record/tasks/postgresql_database_tasks.rb:17:in `create'
/Users/fabiano/.rvm/gems/ruby-2.2.0@dunno/gems/activerecord-4.1.6/lib/active_record/tasks/database_tasks.rb:88:in `create'
/Users/fabiano/.rvm/gems/ruby-2.2.0@dunno/gems/activerecord-4.1.6/lib/active_record/tasks/database_tasks.rb:102:in `block in create_current'
/Users/fabiano/.rvm/gems/ruby-2.2.0@dunno/gems/activerecord-4.1.6/lib/active_record/tasks/database_tasks.rb:209:in `block in each_current_configuration'
/Users/fabiano/.rvm/gems/ruby-2.2.0@dunno/gems/activerecord-4.1.6/lib/active_record/tasks/database_tasks.rb:208:in `each'
/Users/fabiano/.rvm/gems/ruby-2.2.0@dunno/gems/activerecord-4.1.6/lib/active_record/tasks/database_tasks.rb:208:in `each_current_configuration'
/Users/fabiano/.rvm/gems/ruby-2.2.0@dunno/gems/activerecord-4.1.6/lib/active_record/tasks/database_tasks.rb:101:in `create_current'
/Users/fabiano/.rvm/gems/ruby-2.2.0@dunno/gems/activerecord-4.1.6/lib/active_record/railties/databases.rake:17:in `block (2 levels) in <top (required)>'
/Users/fabiano/.rvm/gems/ruby-2.2.0@dunno/gems/rake-10.3.2/lib/rake/task.rb:240:in `call'
/Users/fabiano/.rvm/gems/ruby-2.2.0@dunno/gems/rake-10.3.2/lib/rake/task.rb:240:in `block in execute'
/Users/fabiano/.rvm/gems/ruby-2.2.0@dunno/gems/rake-10.3.2/lib/rake/task.rb:235:in `each'
/Users/fabiano/.rvm/gems/ruby-2.2.0@dunno/gems/rake-10.3.2/lib/rake/task.rb:235:in `execute'
/Users/fabiano/.rvm/gems/ruby-2.2.0@dunno/gems/rake-10.3.2/lib/rake/task.rb:179:in `block in invoke_with_call_chain'
/Users/fabiano/.rvm/rubies/ruby-2.2.0/lib/ruby/2.2.0/monitor.rb:211:in `mon_synchronize'
/Users/fabiano/.rvm/gems/ruby-2.2.0@dunno/gems/rake-10.3.2/lib/rake/task.rb:172:in `invoke_with_call_chain'
/Users/fabiano/.rvm/gems/ruby-2.2.0@dunno/gems/rake-10.3.2/lib/rake/task.rb:165:in `invoke'
/Users/fabiano/.rvm/gems/ruby-2.2.0@dunno/gems/rake-10.3.2/lib/rake/application.rb:150:in `invoke_task'
/Users/fabiano/.rvm/gems/ruby-2.2.0@dunno/gems/rake-10.3.2/lib/rake/application.rb:106:in `block (2 levels) in top_level'
/Users/fabiano/.rvm/gems/ruby-2.2.0@dunno/gems/rake-10.3.2/lib/rake/application.rb:106:in `each'
/Users/fabiano/.rvm/gems/ruby-2.2.0@dunno/gems/rake-10.3.2/lib/rake/application.rb:106:in `block in top_level'
/Users/fabiano/.rvm/gems/ruby-2.2.0@dunno/gems/rake-10.3.2/lib/rake/application.rb:115:in `run_with_threads'
/Users/fabiano/.rvm/gems/ruby-2.2.0@dunno/gems/rake-10.3.2/lib/rake/application.rb:100:in `top_level'
/Users/fabiano/.rvm/gems/ruby-2.2.0@dunno/gems/rake-10.3.2/lib/rake/application.rb:78:in `block in run'
/Users/fabiano/.rvm/gems/ruby-2.2.0@dunno/gems/rake-10.3.2/lib/rake/application.rb:176:in `standard_exception_handling'
/Users/fabiano/.rvm/gems/ruby-2.2.0@dunno/gems/rake-10.3.2/lib/rake/application.rb:75:in `run'
/Users/fabiano/.rvm/gems/ruby-2.2.0@dunno/gems/rake-10.3.2/bin/rake:33:in `<top (required)>'
/Users/fabiano/.rvm/gems/ruby-2.2.0@dunno/bin/rake:23:in `load'
/Users/fabiano/.rvm/gems/ruby-2.2.0@dunno/bin/rake:23:in `<main>'
/Users/fabiano/.rvm/gems/ruby-2.2.0@dunno/bin/ruby_executable_hooks:15:in `eval'
/Users/fabiano/.rvm/gems/ruby-2.2.0@dunno/bin/ruby_executable_hooks:15:in `<main>'
Couldn't create database for {"adapter"=>"postgresql", "encoding"=>"utf8", "database"=>"dunno_test", "pool"=>5, "min_messages"=>"WARNING"}
